[INFO ] 2023-01-12 22:09:31.107 [main] common.Log - Chrome is started
[INFO ] 2023-01-12 22:09:39.844 [main] common.Log - withInvalidCredential is stared
[INFO ] 2023-01-12 22:09:40.200 [main] common.Log - withInvalidCredential is successful
[INFO ] 2023-01-12 22:09:40.567 [main] common.Log - withInvalidCredential is stared
[INFO ] 2023-01-12 22:09:40.862 [main] common.Log - withInvalidCredential is successful
[INFO ] 2023-01-12 22:09:41.117 [main] common.Log - withInvalidCredential is stared
[INFO ] 2023-01-12 22:09:41.391 [main] common.Log - withInvalidCredential is successful
[INFO ] 2023-01-12 22:09:41.779 [main] common.Log - withInvalidCredential is stared
[INFO ] 2023-01-12 22:09:42.017 [main] common.Log - withInvalidCredential is successful
[INFO ] 2023-01-12 22:09:42.598 [main] common.Log - withInvalidCredential is stared
[INFO ] 2023-01-12 22:09:42.851 [main] common.Log - withInvalidCredential is successful
[INFO ] 2023-01-12 22:09:43.303 [main] common.Log - withInvalidCredential is stared
[INFO ] 2023-01-12 22:09:43.519 [main] common.Log - withInvalidCredential is successful
[INFO ] 2023-01-12 22:09:44.008 [main] common.Log - withInvalidCredential is stared
[INFO ] 2023-01-12 22:09:44.281 [main] common.Log - withInvalidCredential is successful
[INFO ] 2023-01-12 22:09:44.921 [main] common.Log - withValidCredential is stared
[INFO ] 2023-01-12 22:09:45.232 [main] common.Log - withValidCredential is successful
[INFO ] 2023-01-12 22:09:47.651 [main] common.Log - verifyAllElementOnNavigationPage is stared
[INFO ] 2023-01-12 22:09:47.723 [main] common.Log - verifyAllElementOnNavigationPage is successful
[INFO ] 2023-01-12 22:09:47.728 [main] common.Log - verifyRedirectOfAboutMenu is stared
[INFO ] 2023-01-12 22:09:53.073 [main] common.Log - verifyRedirectOfAboutMenu is successful
[INFO ] 2023-01-12 22:09:53.081 [main] common.Log - verifyRedirectOfAllItemsMenu is stared
[INFO ] 2023-01-12 22:09:53.276 [main] common.Log - verifyRedirectOfAllItemsMenu is successful
[INFO ] 2023-01-12 22:09:53.280 [main] common.Log - verifyRedirectOfCartIcon is stared
[INFO ] 2023-01-12 22:09:53.362 [main] common.Log - verifyRedirectOfCartIcon is successful
[INFO ] 2023-01-12 22:09:53.366 [main] common.Log - verifyResetAppState is stared
[INFO ] 2023-01-12 22:09:54.127 [main] common.Log - verifyResetAppState is successful
[INFO ] 2023-01-12 22:09:54.131 [main] common.Log - verifyLogout is stared
[INFO ] 2023-01-12 22:09:54.577 [main] common.Log - verifyLogout is successful
[INFO ] 2023-01-12 22:10:00.141 [main] common.Log - verifyCopyWritingCorrect is stared
[INFO ] 2023-01-12 22:10:00.170 [main] common.Log - verifyCopyWritingCorrect is successful
[INFO ] 2023-01-12 22:10:00.174 [main] common.Log - verifyFooterImageDisplay is stared
[INFO ] 2023-01-12 22:10:00.205 [main] common.Log - verifyFooterImageDisplay is successful
[INFO ] 2023-01-12 22:10:00.208 [main] common.Log - verifySocialUrl is stared
[INFO ] 2023-01-12 22:10:00.286 [main] common.Log - verifySocialUrl is successful
[INFO ] 2023-01-12 22:10:02.207 [main] common.Log - verifyAddToCartButtonOnProductList is stared
[INFO ] 2023-01-12 22:10:04.084 [main] common.Log - verifyAddToCartButtonOnProductList is successful
[INFO ] 2023-01-12 22:10:04.087 [main] common.Log - verifyDetailURLOfEachProduct is stared
[INFO ] 2023-01-12 22:10:05.906 [main] common.Log - verifyDetailURLOfEachProduct is successful
[INFO ] 2023-01-12 22:10:05.912 [main] common.Log - verifyInformationOfEachProduct is stared
[INFO ] 2023-01-12 22:10:06.606 [main] common.Log - verifyInformationOfEachProduct is successful
[INFO ] 2023-01-12 22:10:06.608 [main] common.Log - verifyOptionOnSortDropdown is stared
[INFO ] 2023-01-12 22:10:06.734 [main] common.Log - verifyOptionOnSortDropdown is successful
[INFO ] 2023-01-12 22:10:06.738 [main] common.Log - verifyRemoveButtonOnProductList is stared
[INFO ] 2023-01-12 22:10:08.504 [main] common.Log - verifyRemoveButtonOnProductList is successful
[INFO ] 2023-01-12 22:10:08.507 [main] common.Log - verifySortNameAToZ is stared
[INFO ] 2023-01-12 22:10:08.755 [main] common.Log - verifySortNameAToZ is successful
[INFO ] 2023-01-12 22:10:08.758 [main] common.Log - verifySortNameZToA is stared
[INFO ] 2023-01-12 22:10:09.040 [main] common.Log - verifySortNameZToA is successful
[INFO ] 2023-01-12 22:10:09.042 [main] common.Log - verifySortPriceHighToLow is stared
[INFO ] 2023-01-12 22:10:09.327 [main] common.Log - verifySortPriceHighToLow is successful
[INFO ] 2023-01-12 22:10:09.330 [main] common.Log - verifySortPriceLowToHigh is stared
[INFO ] 2023-01-12 22:10:09.605 [main] common.Log - verifySortPriceLowToHigh is successful
[INFO ] 2023-01-12 22:10:09.607 [main] common.Log - verifyTotalNumberOfProduct is stared
[INFO ] 2023-01-12 22:10:09.615 [main] common.Log - verifyTotalNumberOfProduct is successful
[INFO ] 2023-01-12 22:10:11.814 [main] common.Log - verifyAddToCartButtonOnProductDetail is stared
[INFO ] 2023-01-12 22:10:13.955 [main] common.Log - verifyAddToCartButtonOnProductDetail is successful
[INFO ] 2023-01-12 22:10:13.959 [main] common.Log - verifyProductInfoInPdpPage is stared
[INFO ] 2023-01-12 22:10:16.197 [main] common.Log - verifyProductInfoInPdpPage is successful
[INFO ] 2023-01-12 22:10:16.200 [main] common.Log - verifyRemoveBtnOnProductDetail is stared
[INFO ] 2023-01-12 22:10:18.182 [main] common.Log - verifyRemoveBtnOnProductDetail is successful
[INFO ] 2023-01-12 22:10:22.287 [main] common.Log - verifyElementsOnCartPage is stared
[INFO ] 2023-01-12 22:10:22.469 [main] common.Log - verifyElementsOnCartPage is successful
[INFO ] 2023-01-12 22:10:22.472 [main] common.Log - verifyInfoOfEachProductsItemOnCartPage is stared
[INFO ] 2023-01-12 22:10:22.814 [main] common.Log - verifyInfoOfEachProductsItemOnCartPage is successful
[INFO ] 2023-01-12 22:10:22.817 [main] common.Log - verifyWhenClickingOnCheckoutBtn is stared
[INFO ] 2023-01-12 22:10:22.953 [main] common.Log - verifyWhenClickingOnCheckoutBtn is successful
[INFO ] 2023-01-12 22:10:22.955 [main] common.Log - verifyWhenClickingOnContinueShoppingButton is stared
[INFO ] 2023-01-12 22:10:23.098 [main] common.Log - verifyWhenClickingOnContinueShoppingButton is successful
[INFO ] 2023-01-12 22:10:23.101 [main] common.Log - verifyWhenClickingOnProductNameOnCartPage is stared
[INFO ] 2023-01-12 22:10:23.940 [main] common.Log - verifyWhenClickingOnProductNameOnCartPage is successful
[INFO ] 2023-01-12 22:10:23.943 [main] common.Log - verifyWhenClickingOnRemoveBtn is stared
[INFO ] 2023-01-12 22:10:24.483 [main] common.Log - verifyWhenClickingOnRemoveBtn is successful
[INFO ] 2023-01-12 22:10:26.896 [main] common.Log - verifyInfoOnCheckOutStep2WhenCheckOutWith1Product is stared
[INFO ] 2023-01-12 22:10:27.686 [main] common.Log - verifyInfoOnCheckOutStep2WhenCheckOutWith1Product is successful
[INFO ] 2023-01-12 22:10:35.827 [main] common.Log - verifyInfoOnCheckOutStep2WhenCheckOutWithMoreProducts is stared
[INFO ] 2023-01-12 22:10:37.405 [main] common.Log - verifyInfoOnCheckOutStep2WhenCheckOutWithMoreProducts is successful
[INFO ] 2023-01-12 22:10:39.769 [main] common.Log - checkPaymentSuccessWith1Product is stared
[INFO ] 2023-01-12 22:10:40.679 [main] common.Log - checkPaymentSuccessWith1Product is successful
[INFO ] 2023-01-12 22:10:40.955 [main] common.Log - checkPaymentSuccessWithMoreProducts is stared
[INFO ] 2023-01-12 22:10:41.828 [main] common.Log - checkPaymentSuccessWithMoreProducts is successful
[INFO ] 2023-01-12 22:10:41.992 [main] common.Log - clickOnBackHomeButtonAfterPayment is stared
[INFO ] 2023-01-12 22:10:42.823 [main] common.Log - clickOnBackHomeButtonAfterPayment is successful
[INFO ] 2023-01-12 22:10:42.944 [main] common.Log - checkPaymentWhenCancelOnCheckOutStep2 is stared
[INFO ] 2023-01-12 22:10:43.703 [main] common.Log - checkPaymentWhenCancelOnCheckOutStep2 is successful
[INFO ] 2023-01-12 22:10:44.107 [main] common.Log - Chrome is finished
